<?xml version="1.0" encoding="UTF-8"?>
<!-- Generated by org.testng.reporters.JUnitXMLReporter -->
<testsuite hostname="SHIVA-PC" ignored="0" name="validate test" tests="1" failures="1" timestamp="27 Sep 2019 05:54:07 GMT" time="0.036" errors="0">
  <testcase name="validatingTitles" time="0.011" classname="com.pom.rough.Vallidation_TestNG">
    <failure type="java.lang.AssertionError" message="The following asserts failed:
	expected [yahoo.com] but found [gmail.com],
	image validating expected [false] but found [true]">
      <![CDATA[java.lang.AssertionError: The following asserts failed:
expected [yahoo.com] but found [gmail.com],
image validating expected [false] but found [true]
at com.pom.rough.Vallidation_TestNG.validatingTitles(Vallidation_TestNG.java:23)
... Removed 26 stack frames]]>
    </failure>
  </testcase> <!-- validatingTitles -->
</testsuite> <!-- validate test -->
